
> salaatflow-frontend@1.0.0 build
> next build

  ▲ Next.js 14.2.35
  - Environments: .env.local
  - Experiments (use with caution):
    · typedRoutes

   Creating an optimized production build ...
 ✓ Compiled successfully
   Linting and checking validity of types ...
Failed to compile.

./app/masjids/[id]/page.tsx:176:24
Type error: Property 'area' does not exist on type 'Masjid'.

[0m [90m 174 |[39m             [33m<[39m[33mdiv[39m className[33m=[39m[32m"grid grid-cols-1 md:grid-cols-2 gap-6"[39m[33m>[39m[0m
[0m [90m 175 |[39m               {[90m/* Location */[39m}[0m
[0m[31m[1m>[22m[39m[90m 176 |[39m               {(masjid[33m.[39marea [33m||[39m masjid[33m.[39mcity) [33m&&[39m ([0m
[0m [90m     |[39m                        [31m[1m^[22m[39m[0m
[0m [90m 177 |[39m                 [33m<[39m[33mdiv[39m[33m>[39m[0m
[0m [90m 178 |[39m                   [33m<[39m[33mh3[39m className[33m=[39m[32m"text-sm font-semibold text-gray-300 mb-2"[39m[33m>[39m[33mLocation[39m[33m<[39m[33m/[39m[33mh3[39m[33m>[39m[0m
[0m [90m 179 |[39m                   [33m<[39m[33mdiv[39m className[33m=[39m[32m"flex items-center text-gray-300"[39m[33m>[39m[0m
Next.js build worker exited with code: 1 and signal: null
