
> salaatflow-frontend@1.0.0 build
> next build

  ▲ Next.js 14.2.35
  - Environments: .env.local
  - Experiments (use with caution):
    · typedRoutes

   Creating an optimized production build ...
 ✓ Compiled successfully
   Linting and checking validity of types ...
Failed to compile.

./app/tasks/components/TaskForm.tsx:37:20
Type error: Argument of type '{ masjids: Masjid[]; total: number; limit: number; offset: number; }' is not assignable to parameter of type 'SetStateAction<Masjid[]>'.

[0m [90m 35 |[39m       [36mtry[39m {[0m
[0m [90m 36 |[39m         [36mconst[39m data [33m=[39m [36mawait[39m api[33m.[39mgetMasjids()[0m
[0m[31m[1m>[22m[39m[90m 37 |[39m         setMasjids(data)[0m
[0m [90m    |[39m                    [31m[1m^[22m[39m[0m
[0m [90m 38 |[39m       } [36mcatch[39m (error) {[0m
[0m [90m 39 |[39m         console[33m.[39merror([32m'Error fetching masjids:'[39m[33m,[39m error)[0m
[0m [90m 40 |[39m       } [36mfinally[39m {[0m
Next.js build worker exited with code: 1 and signal: null
